{
  "stats": {
    "suites": 3,
    "tests": 3,
    "passes": 3,
    "pending": 0,
    "failures": 0,
    "start": "2024-07-23T14:51:51.606Z",
    "end": "2024-07-23T14:51:53.783Z",
    "duration": 2177,
    "testsRegistered": 3,
    "passPercent": 100,
    "pendingPercent": 0,
    "other": 0,
    "hasOther": false,
    "skipped": 0,
    "hasSkipped": false
  },
  "results": [
    {
      "uuid": "30624fdb-bc63-4c9a-b8f8-56cc78f76125",
      "title": "",
      "fullFile": "cypress\\e2e\\api_testcase\\github_Integration.cy.js",
      "file": "cypress\\e2e\\api_testcase\\github_Integration.cy.js",
      "beforeHooks": [],
      "afterHooks": [],
      "tests": [],
      "suites": [
        {
          "uuid": "fe0b7d64-c6cd-47e8-a1c1-cf2e7136243b",
          "title": "GitHub API GET All Repository Tests",
          "fullFile": "",
          "file": "",
          "beforeHooks": [],
          "afterHooks": [],
          "tests": [
            {
              "title": "should fetch given users repositories successfully",
              "fullTitle": "GitHub API GET All Repository Tests should fetch given users repositories successfully",
              "timedOut": null,
              "duration": 533,
              "state": "passed",
              "speed": "fast",
              "pass": true,
              "fail": false,
              "pending": false,
              "context": null,
              "code": "",
              "err": {},
              "uuid": "9767c3b6-1324-4e97-8f47-6de25f0db77f",
              "parentUUID": "fe0b7d64-c6cd-47e8-a1c1-cf2e7136243b",
              "isHook": false,
              "skipped": false
            }
          ],
          "suites": [],
          "passes": [
            "9767c3b6-1324-4e97-8f47-6de25f0db77f"
          ],
          "failures": [],
          "pending": [],
          "skipped": [],
          "duration": 533,
          "root": false,
          "rootEmpty": false,
          "_timeout": 2000
        },
        {
          "uuid": "bb209f9e-df7d-4ce4-b83e-18201ce43b83",
          "title": "GitHub API POST Tests",
          "fullFile": "",
          "file": "",
          "beforeHooks": [],
          "afterHooks": [],
          "tests": [
            {
              "title": "should create a new repository successfully",
              "fullTitle": "GitHub API POST Tests should create a new repository successfully",
              "timedOut": null,
              "duration": 1070,
              "state": "passed",
              "speed": "fast",
              "pass": true,
              "fail": false,
              "pending": false,
              "context": null,
              "code": "",
              "err": {},
              "uuid": "4f5dce05-bdac-4a76-bf21-6e8fc612b389",
              "parentUUID": "bb209f9e-df7d-4ce4-b83e-18201ce43b83",
              "isHook": false,
              "skipped": false
            }
          ],
          "suites": [],
          "passes": [
            "4f5dce05-bdac-4a76-bf21-6e8fc612b389"
          ],
          "failures": [],
          "pending": [],
          "skipped": [],
          "duration": 1070,
          "root": false,
          "rootEmpty": false,
          "_timeout": 2000
        },
        {
          "uuid": "7f69cb78-fc5c-401a-bae8-b2a5bf6a08de",
          "title": "GitHub API DELETE Tests",
          "fullFile": "",
          "file": "",
          "beforeHooks": [],
          "afterHooks": [],
          "tests": [
            {
              "title": "should delete the repository successfully",
              "fullTitle": "GitHub API DELETE Tests should delete the repository successfully",
              "timedOut": null,
              "duration": 487,
              "state": "passed",
              "speed": "fast",
              "pass": true,
              "fail": false,
              "pending": false,
              "context": null,
              "code": "",
              "err": {},
              "uuid": "e1d9f272-c8f6-43e8-837f-2b654ef86a84",
              "parentUUID": "7f69cb78-fc5c-401a-bae8-b2a5bf6a08de",
              "isHook": false,
              "skipped": false
            }
          ],
          "suites": [],
          "passes": [
            "e1d9f272-c8f6-43e8-837f-2b654ef86a84"
          ],
          "failures": [],
          "pending": [],
          "skipped": [],
          "duration": 487,
          "root": false,
          "rootEmpty": false,
          "_timeout": 2000
        }
      ],
      "passes": [],
      "failures": [],
      "pending": [],
      "skipped": [],
      "duration": 0,
      "root": true,
      "rootEmpty": true,
      "_timeout": 2000
    }
  ],
  "meta": {
    "mocha": {
      "version": "7.0.1"
    },
    "mochawesome": {
      "options": {
        "quiet": false,
        "reportFilename": "[status]_[datetime]-[name]-report",
        "saveHtml": false,
        "saveJson": true,
        "consoleReporter": "spec",
        "useInlineDiffs": false,
        "code": false
      },
      "version": "7.1.3"
    },
    "marge": {
      "options": {
        "charts": true,
        "reportPageTitle": "custom-title",
        "embeddedScreenshots": true,
        "inlineAssets": true,
        "saveAllAttempts": false,
        "reportFilename": "[status]_[datetime]-[name]-report",
        "code": "false",
        "autoOpen": "true",
        "overwrite": false,
        "html": false,
        "json": true,
        "reportDir": "cypress\\reports\\html\\.jsons"
      },
      "version": "6.2.0"
    }
  }
}